<?xml version="1.0" encoding="UTF-8"?>
<!-- Generated by org.testng.reporters.JUnitReportReporter -->
<testsuite hostname="PColiynik" name="taskfordemo.demo.BaseTests" tests="4" failures="0" timestamp="5 Feb 2017 10:55:50 GMT" time="41.041" errors="0">
  <testcase name="FailedLogInTest" time="3.555" classname="taskfordemo.demo.BaseTests"/>
  <testcase name="logInOutTest" time="14.615" classname="taskfordemo.demo.BaseTests"/>
  <testcase name="InboxTest" time="10.805" classname="taskfordemo.demo.BaseTests"/>
  <testcase name="SendMessageTest" time="12.066" classname="taskfordemo.demo.BaseTests"/>
</testsuite> <!-- taskfordemo.demo.BaseTests -->
