<?xml version="1.0" encoding="UTF-8"?>
<!-- Generated by org.testng.reporters.JUnitReportReporter -->
<testsuite hostname="PColiynik" name="taskfordemo.demo.Tests" tests="4" failures="0" timestamp="4 Feb 2017 22:11:07 GMT" time="39.603" errors="0">
  <testcase name="SendMessageTest" time="11.434" classname="taskfordemo.demo.Tests"/>
  <testcase name="logInOutTest" time="10.369" classname="taskfordemo.demo.Tests"/>
  <testcase name="FailedLogInTest" time="7.539" classname="taskfordemo.demo.Tests"/>
  <testcase name="InboxTest" time="10.261" classname="taskfordemo.demo.Tests"/>
</testsuite> <!-- taskfordemo.demo.Tests -->
